Performing C SOURCE FILE Test CMAKE_HAVE_LIBC_PTHREAD failed with the following output:
Change Dir: D:/code/CG-final/out/build/x64-Debug/CMakeFiles/CMakeScratch/TryCompile-pf3pu6

Run Build Command(s):D:\CODE\IDE\VS\COMMON7\IDE\COMMONEXTENSIONS\MICROSOFT\CMAKE\Ninja\ninja.exe cmTC_00e87 && [1/2] Building C object CMakeFiles\cmTC_00e87.dir\src.c.obj
FAILED: CMakeFiles/cmTC_00e87.dir/src.c.obj 
D:\code\IDE\VS\VC\Tools\MSVC\14.35.32215\bin\Hostx64\x64\cl.exe  /nologo -DCMAKE_HAVE_LIBC_PTHREAD  /DWIN32 /D_WINDOWS  /Zi /Ob0 /Od /RTC1 -MDd /showIncludes /FoCMakeFiles\cmTC_00e87.dir\src.c.obj /FdCMakeFiles\cmTC_00e87.dir\ /FS -c D:\code\CG-final\out\build\x64-Debug\CMakeFiles\CMakeScratch\TryCompile-pf3pu6\src.c
D:\code\CG-final\out\build\x64-Debug\CMakeFiles\CMakeScratch\TryCompile-pf3pu6\src.c(1): fatal error C1083: 无法打开包括文件: “pthread.h”: No such file or directory
ninja: build stopped: subcommand failed.


Source file was:
#include <pthread.h>

static void* test_func(void* data)
{
  return data;
}

int main(void)
{
  pthread_t thread;
  pthread_create(&thread, NULL, test_func, NULL);
  pthread_detach(thread);
  pthread_cancel(thread);
  pthread_join(thread, NULL);
  pthread_atfork(NULL, NULL, NULL);
  pthread_exit(NULL);

  return 0;
}


Determining if the function pthread_create exists in the pthreads failed with the following output:
Change Dir: D:/code/CG-final/out/build/x64-Debug/CMakeFiles/CMakeScratch/TryCompile-haui0w

Run Build Command(s):D:\CODE\IDE\VS\COMMON7\IDE\COMMONEXTENSIONS\MICROSOFT\CMAKE\Ninja\ninja.exe cmTC_61e63 && [1/2] Building C object CMakeFiles\cmTC_61e63.dir\CheckFunctionExists.c.obj
[2/2] Linking C executable cmTC_61e63.exe
FAILED: cmTC_61e63.exe 
cmd.exe /C "cd . && D:\code\IDE\VS\Common7\IDE\CommonExtensions\Microsoft\CMake\CMake\bin\cmake.exe -E vs_link_exe --intdir=CMakeFiles\cmTC_61e63.dir --rc=C:\PROGRA~2\WI3CF2~1\10\bin\100226~1.0\x64\rc.exe --mt=C:\PROGRA~2\WI3CF2~1\10\bin\100226~1.0\x64\mt.exe --manifests  -- D:\code\IDE\VS\VC\Tools\MSVC\14.35.32215\bin\Hostx64\x64\link.exe /nologo CMakeFiles\cmTC_61e63.dir\CheckFunctionExists.c.obj  /out:cmTC_61e63.exe /implib:cmTC_61e63.lib /pdb:cmTC_61e63.pdb /version:0.0 /machine:x64  /debug /INCREMENTAL /subsystem:console  pthreads.lib  kernel32.lib user32.lib gdi32.lib winspool.lib shell32.lib ole32.lib oleaut32.lib uuid.lib comdlg32.lib advapi32.lib && cd ."
LINK Pass 1: command "D:\code\IDE\VS\VC\Tools\MSVC\14.35.32215\bin\Hostx64\x64\link.exe /nologo CMakeFiles\cmTC_61e63.dir\CheckFunctionExists.c.obj /out:cmTC_61e63.exe /implib:cmTC_61e63.lib /pdb:cmTC_61e63.pdb /version:0.0 /machine:x64 /debug /INCREMENTAL /subsystem:console pthreads.lib kernel32.lib user32.lib gdi32.lib winspool.lib shell32.lib ole32.lib oleaut32.lib uuid.lib comdlg32.lib advapi32.lib /MANIFEST /MANIFESTFILE:CMakeFiles\cmTC_61e63.dir/intermediate.manifest CMakeFiles\cmTC_61e63.dir/manifest.res" failed (exit code 1104) with the following output:
LINK : fatal error LNK1104: 无法打开文件“pthreads.lib”
ninja: build stopped: subcommand failed.



Determining if the function pthread_create exists in the pthread failed with the following output:
Change Dir: D:/code/CG-final/out/build/x64-Debug/CMakeFiles/CMakeScratch/TryCompile-1ymxtf

Run Build Command(s):D:\CODE\IDE\VS\COMMON7\IDE\COMMONEXTENSIONS\MICROSOFT\CMAKE\Ninja\ninja.exe cmTC_58340 && [1/2] Building C object CMakeFiles\cmTC_58340.dir\CheckFunctionExists.c.obj
[2/2] Linking C executable cmTC_58340.exe
FAILED: cmTC_58340.exe 
cmd.exe /C "cd . && D:\code\IDE\VS\Common7\IDE\CommonExtensions\Microsoft\CMake\CMake\bin\cmake.exe -E vs_link_exe --intdir=CMakeFiles\cmTC_58340.dir --rc=C:\PROGRA~2\WI3CF2~1\10\bin\100226~1.0\x64\rc.exe --mt=C:\PROGRA~2\WI3CF2~1\10\bin\100226~1.0\x64\mt.exe --manifests  -- D:\code\IDE\VS\VC\Tools\MSVC\14.35.32215\bin\Hostx64\x64\link.exe /nologo CMakeFiles\cmTC_58340.dir\CheckFunctionExists.c.obj  /out:cmTC_58340.exe /implib:cmTC_58340.lib /pdb:cmTC_58340.pdb /version:0.0 /machine:x64  /debug /INCREMENTAL /subsystem:console  pthread.lib  kernel32.lib user32.lib gdi32.lib winspool.lib shell32.lib ole32.lib oleaut32.lib uuid.lib comdlg32.lib advapi32.lib && cd ."
LINK Pass 1: command "D:\code\IDE\VS\VC\Tools\MSVC\14.35.32215\bin\Hostx64\x64\link.exe /nologo CMakeFiles\cmTC_58340.dir\CheckFunctionExists.c.obj /out:cmTC_58340.exe /implib:cmTC_58340.lib /pdb:cmTC_58340.pdb /version:0.0 /machine:x64 /debug /INCREMENTAL /subsystem:console pthread.lib kernel32.lib user32.lib gdi32.lib winspool.lib shell32.lib ole32.lib oleaut32.lib uuid.lib comdlg32.lib advapi32.lib /MANIFEST /MANIFESTFILE:CMakeFiles\cmTC_58340.dir/intermediate.manifest CMakeFiles\cmTC_58340.dir/manifest.res" failed (exit code 1104) with the following output:
LINK : fatal error LNK1104: 无法打开文件“pthread.lib”
ninja: build stopped: subcommand failed.



