The system is: Windows - 10.0.22621 - AMD64
Compiling the C compiler identification source file "CMakeCCompilerId.c" succeeded.
Compiler: D:/code/IDE/VS/VC/Tools/MSVC/14.35.32215/bin/Hostx64/x64/cl.exe 
Build flags: 
Id flags:  

The output was:
0
用于 x64 的 Microsoft (R) C/C++ 优化编译器 19.35.32217.1 版
版权所有(C) Microsoft Corporation。保留所有权利。

CMakeCCompilerId.c
Microsoft (R) Incremental Linker Version 14.35.32217.1
Copyright (C) Microsoft Corporation.  All rights reserved.

/out:CMakeCCompilerId.exe 
CMakeCCompilerId.obj 


Compilation of the C compiler identification source "CMakeCCompilerId.c" produced "CMakeCCompilerId.exe"

Compilation of the C compiler identification source "CMakeCCompilerId.c" produced "CMakeCCompilerId.obj"

The C compiler identification is MSVC, found in "C:/Users/Joy Zheng/Documents/WeChat Files/wxid_3xl3x3188tfz21/FileStorage/File/2023-05/final/out/build/x64-Debug/CMakeFiles/3.25.1-msvc1/CompilerIdC/CMakeCCompilerId.exe"

Compiling the CXX compiler identification source file "CMakeCXXCompilerId.cpp" succeeded.
Compiler: D:/code/IDE/VS/VC/Tools/MSVC/14.35.32215/bin/Hostx64/x64/cl.exe 
Build flags: 
Id flags:  

The output was:
0
用于 x64 的 Microsoft (R) C/C++ 优化编译器 19.35.32217.1 版
版权所有(C) Microsoft Corporation。保留所有权利。

CMakeCXXCompilerId.cpp
Microsoft (R) Incremental Linker Version 14.35.32217.1
Copyright (C) Microsoft Corporation.  All rights reserved.

/out:CMakeCXXCompilerId.exe 
CMakeCXXCompilerId.obj 


Compilation of the CXX compiler identification source "CMakeCXXCompilerId.cpp" produced "CMakeCXXCompilerId.exe"

Compilation of the CXX compiler identification source "CMakeCXXCompilerId.cpp" produced "CMakeCXXCompilerId.obj"

The CXX compiler identification is MSVC, found in "C:/Users/Joy Zheng/Documents/WeChat Files/wxid_3xl3x3188tfz21/FileStorage/File/2023-05/final/out/build/x64-Debug/CMakeFiles/3.25.1-msvc1/CompilerIdCXX/CMakeCXXCompilerId.exe"

Detecting C compiler ABI info compiled with the following output:
Change Dir: C:/Users/Joy Zheng/Documents/WeChat Files/wxid_3xl3x3188tfz21/FileStorage/File/2023-05/final/out/build/x64-Debug/CMakeFiles/CMakeScratch/TryCompile-el6tu7

Run Build Command(s):D:\CODE\IDE\VS\COMMON7\IDE\COMMONEXTENSIONS\MICROSOFT\CMAKE\Ninja\ninja.exe cmTC_2090a && [1/2] Building C object CMakeFiles\cmTC_2090a.dir\CMakeCCompilerABI.c.obj
[2/2] Linking C executable cmTC_2090a.exe



Detecting CXX compiler ABI info compiled with the following output:
Change Dir: C:/Users/Joy Zheng/Documents/WeChat Files/wxid_3xl3x3188tfz21/FileStorage/File/2023-05/final/out/build/x64-Debug/CMakeFiles/CMakeScratch/TryCompile-nqhqrm

Run Build Command(s):D:\CODE\IDE\VS\COMMON7\IDE\COMMONEXTENSIONS\MICROSOFT\CMAKE\Ninja\ninja.exe cmTC_255ab && [1/2] Building CXX object CMakeFiles\cmTC_255ab.dir\CMakeCXXCompilerABI.cpp.obj
[2/2] Linking CXX executable cmTC_255ab.exe



